Started GET "/" for 127.0.0.1 at 2019-01-25 15:11:03 +0530
  
ActiveRecord::PendingMigrationError (

Migrations are pending. To resolve this issue, run:

        bin/rails db:migrate RAILS_ENV=development

):
  
activerecord (5.2.2) lib/active_record/migration.rb:579:in `check_pending!'
activerecord (5.2.2) lib/active_record/migration.rb:556:in `call'
actionpack (5.2.2) lib/action_dispatch/middleware/callbacks.rb:28:in `block in call'
activesupport (5.2.2) lib/active_support/callbacks.rb:98:in `run_callbacks'
actionpack (5.2.2) lib/action_dispatch/middleware/callbacks.rb:26:in `call'
actionpack (5.2.2) lib/action_dispatch/middleware/executor.rb:14:in `call'
actionpack (5.2.2) lib/action_dispatch/middleware/debug_exceptions.rb:61:in `call'
web-console (3.7.0) lib/web_console/middleware.rb:135:in `call_app'
web-console (3.7.0) lib/web_console/middleware.rb:30:in `block in call'
web-console (3.7.0) lib/web_console/middleware.rb:20:in `catch'
web-console (3.7.0) lib/web_console/middleware.rb:20:in `call'
actionpack (5.2.2) lib/action_dispatch/middleware/show_exceptions.rb:33:in `call'
railties (5.2.2) lib/rails/rack/logger.rb:38:in `call_app'
railties (5.2.2) lib/rails/rack/logger.rb:26:in `block in call'
activesupport (5.2.2) lib/active_support/tagged_logging.rb:71:in `block in tagged'
activesupport (5.2.2) lib/active_support/tagged_logging.rb:28:in `tagged'
activesupport (5.2.2) lib/active_support/tagged_logging.rb:71:in `tagged'
railties (5.2.2) lib/rails/rack/logger.rb:26:in `call'
sprockets-rails (3.2.1) lib/sprockets/rails/quiet_assets.rb:13:in `call'
actionpack (5.2.2) lib/action_dispatch/middleware/remote_ip.rb:81:in `call'
actionpack (5.2.2) lib/action_dispatch/middleware/request_id.rb:27:in `call'
rack (2.0.6) lib/rack/method_override.rb:22:in `call'
rack (2.0.6) lib/rack/runtime.rb:22:in `call'
activesupport (5.2.2) lib/active_support/cache/strategy/local_cache_middleware.rb:29:in `call'
actionpack (5.2.2) lib/action_dispatch/middleware/executor.rb:14:in `call'
actionpack (5.2.2) lib/action_dispatch/middleware/static.rb:127:in `call'
rack (2.0.6) lib/rack/sendfile.rb:111:in `call'
railties (5.2.2) lib/rails/engine.rb:524:in `call'
puma (3.12.0) lib/puma/configuration.rb:225:in `call'
puma (3.12.0) lib/puma/server.rb:658:in `handle_request'
puma (3.12.0) lib/puma/server.rb:472:in `process_client'
puma (3.12.0) lib/puma/server.rb:332:in `block in run'
puma (3.12.0) lib/puma/thread_pool.rb:133:in `block in spawn_thread'
  [1m[35m (0.1ms)[0m  [1m[34mSELECT sqlite_version(*)[0m
  ↳ /home/conf/.rvm/gems/ruby-2.5.0/bin/rake:23
  [1m[35m (14.4ms)[0m  [1m[35mCREATE TABLE "schema_migrations" ("version" varchar NOT NULL PRIMARY KEY)[0m
  ↳ /home/conf/.rvm/gems/ruby-2.5.0/bin/rake:23
  [1m[35m (13.2ms)[0m  [1m[35mCREATE TABLE "ar_internal_metadata" ("key" varchar NOT NULL PRIMARY KEY, "value" varchar, "created_at" datetime NOT NULL, "updated_at" datetime NOT NULL)[0m
  ↳ /home/conf/.rvm/gems/ruby-2.5.0/bin/rake:23
  [1m[35m (0.2ms)[0m  [1m[34mSELECT "schema_migrations"."version" FROM "schema_migrations" ORDER BY "schema_migrations"."version" ASC[0m
  ↳ /home/conf/.rvm/gems/ruby-2.5.0/bin/rake:23
Migrating to CreateUsers (20190125094042)
  [1m[35m (0.1ms)[0m  [1m[36mbegin transaction[0m
  ↳ /home/conf/.rvm/gems/ruby-2.5.0/bin/rake:23
  [1m[35m (0.5ms)[0m  [1m[35mCREATE TABLE "users" ("id" integer PRIMARY KEY AUTOINCREMENT NOT NULL, "name" varchar, "email" varchar, "created_at" datetime NOT NULL, "updated_at" datetime NOT NULL)[0m
  ↳ db/migrate/20190125094042_create_users.rb:3
  [1m[36mActiveRecord::SchemaMigration Create (0.3ms)[0m  [1m[32mINSERT INTO "schema_migrations" ("version") VALUES (?)[0m  [["version", "20190125094042"]]
  ↳ /home/conf/.rvm/gems/ruby-2.5.0/bin/rake:23
  [1m[35m (8.8ms)[0m  [1m[36mcommit transaction[0m
  ↳ /home/conf/.rvm/gems/ruby-2.5.0/bin/rake:23
  [1m[36mActiveRecord::InternalMetadata Load (0.3ms)[0m  [1m[34mSELECT  "ar_internal_metadata".* FROM "ar_internal_metadata" WHERE "ar_internal_metadata"."key" = ? LIMIT ?[0m  [["key", "environment"], ["LIMIT", 1]]
  ↳ /home/conf/.rvm/gems/ruby-2.5.0/bin/rake:23
  [1m[35m (0.1ms)[0m  [1m[36mbegin transaction[0m
  ↳ /home/conf/.rvm/gems/ruby-2.5.0/bin/rake:23
  [1m[36mActiveRecord::InternalMetadata Create (0.3ms)[0m  [1m[32mINSERT INTO "ar_internal_metadata" ("key", "value", "created_at", "updated_at") VALUES (?, ?, ?, ?)[0m  [["key", "environment"], ["value", "development"], ["created_at", "2019-01-25 09:41:14.430704"], ["updated_at", "2019-01-25 09:41:14.430704"]]
  ↳ /home/conf/.rvm/gems/ruby-2.5.0/bin/rake:23
  [1m[35m (10.5ms)[0m  [1m[36mcommit transaction[0m
  ↳ /home/conf/.rvm/gems/ruby-2.5.0/bin/rake:23
  [1m[35m (0.2ms)[0m  [1m[34mSELECT "schema_migrations"."version" FROM "schema_migrations" ORDER BY "schema_migrations"."version" ASC[0m
  ↳ /home/conf/.rvm/gems/ruby-2.5.0/bin/rake:23
Started GET "/" for 127.0.0.1 at 2019-01-25 15:11:22 +0530
  [1m[35m (0.2ms)[0m  [1m[34mSELECT "schema_migrations"."version" FROM "schema_migrations" ORDER BY "schema_migrations"."version" ASC[0m
  ↳ /home/conf/.rvm/gems/ruby-2.5.0/gems/activerecord-5.2.2/lib/active_record/log_subscriber.rb:98
Processing by Rails::WelcomeController#index as HTML
  Rendering /home/conf/.rvm/gems/ruby-2.5.0/gems/railties-5.2.2/lib/rails/templates/rails/welcome/index.html.erb
  Rendered /home/conf/.rvm/gems/ruby-2.5.0/gems/railties-5.2.2/lib/rails/templates/rails/welcome/index.html.erb (4.4ms)
Completed 200 OK in 33ms (Views: 7.6ms | ActiveRecord: 0.0ms)


Started GET "/" for 127.0.0.1 at 2019-01-25 15:11:59 +0530
Processing by UsersController#index as HTML
  Rendering users/index.html.erb within layouts/application
  [1m[36mUser Load (0.3ms)[0m  [1m[34mSELECT "users".* FROM "users"[0m
  ↳ app/views/users/index.html.erb:15
  Rendered users/index.html.erb within layouts/application (3.3ms)
Completed 200 OK in 816ms (Views: 811.9ms | ActiveRecord: 0.7ms)


  [1m[35m (0.1ms)[0m  [1m[36mbegin transaction[0m
  [1m[36mUser Create (0.9ms)[0m  [1m[32mINSERT INTO "users" ("name", "email", "created_at", "updated_at") VALUES (?, ?, ?, ?)[0m  [["name", "Ravi"], ["email", "r@r.com"], ["created_at", "2019-01-25 09:46:00.066627"], ["updated_at", "2019-01-25 09:46:00.066627"]]
  [1m[35m (11.1ms)[0m  [1m[36mcommit transaction[0m
  [1m[35m (0.1ms)[0m  [1m[36mbegin transaction[0m
  [1m[36mUser Create (0.9ms)[0m  [1m[32mINSERT INTO "users" ("name", "email", "created_at", "updated_at") VALUES (?, ?, ?, ?)[0m  [["name", "Ravi"], ["email", "r@r.com"], ["created_at", "2019-01-25 09:47:49.389203"], ["updated_at", "2019-01-25 09:47:49.389203"]]
  [1m[35m (10.5ms)[0m  [1m[36mcommit transaction[0m
  [1m[35m (0.1ms)[0m  [1m[36mbegin transaction[0m
  [1m[36mUser Create (0.4ms)[0m  [1m[32mINSERT INTO "users" ("name", "email", "created_at", "updated_at") VALUES (?, ?, ?, ?)[0m  [["name", "ravi"], ["email", "r@r.com"], ["created_at", "2019-01-25 09:51:02.262266"], ["updated_at", "2019-01-25 09:51:02.262266"]]
  [1m[35m (10.4ms)[0m  [1m[36mcommit transaction[0m
  [1m[36mUser Load (0.4ms)[0m  [1m[34mSELECT  "users".* FROM "users" ORDER BY "users"."id" ASC LIMIT ?[0m  [["LIMIT", 1]]
  [1m[35m (0.1ms)[0m  [1m[36mbegin transaction[0m
  [1m[35m (0.1ms)[0m  [1m[36mcommit transaction[0m
  [1m[35m (0.1ms)[0m  [1m[36mbegin transaction[0m
  [1m[36mUser Create (1.1ms)[0m  [1m[32mINSERT INTO "users" ("name", "email", "created_at", "updated_at") VALUES (?, ?, ?, ?)[0m  [["name", "ravi"], ["email", "r@r.com"], ["created_at", "2019-01-25 10:09:21.236924"], ["updated_at", "2019-01-25 10:09:21.236924"]]
  [1m[35m (10.3ms)[0m  [1m[36mcommit transaction[0m
  [1m[35m (0.1ms)[0m  [1m[36mbegin transaction[0m
  [1m[36mUser Create (0.4ms)[0m  [1m[32mINSERT INTO "users" ("name", "email", "created_at", "updated_at") VALUES (?, ?, ?, ?)[0m  [["name", "ravi"], ["email", "r@r.com"], ["created_at", "2019-01-25 10:10:40.887610"], ["updated_at", "2019-01-25 10:10:40.887610"]]
  [1m[35m (15.1ms)[0m  [1m[36mcommit transaction[0m
  [1m[35m (0.1ms)[0m  [1m[36mbegin transaction[0m
  [1m[35m (0.1ms)[0m  [1m[36mcommit transaction[0m
  [1m[35m (0.1ms)[0m  [1m[36mbegin transaction[0m
  [1m[35m (0.1ms)[0m  [1m[36mcommit transaction[0m
  [1m[35m (0.1ms)[0m  [1m[36mbegin transaction[0m
  [1m[35m (0.1ms)[0m  [1m[36mcommit transaction[0m
  [1m[35m (0.1ms)[0m  [1m[36mbegin transaction[0m
  [1m[35m (0.1ms)[0m  [1m[36mcommit transaction[0m
  [1m[35m (0.1ms)[0m  [1m[36mbegin transaction[0m
  [1m[35m (0.1ms)[0m  [1m[31mrollback transaction[0m
Started GET "/" for 127.0.0.1 at 2019-01-25 15:52:18 +0530
Processing by UsersController#index as HTML
  Rendering users/index.html.erb within layouts/application
  [1m[36mUser Load (0.3ms)[0m  [1m[34mSELECT "users".* FROM "users"[0m
  ↳ app/views/users/index.html.erb:15
  Rendered users/index.html.erb within layouts/application (16.2ms)
Completed 200 OK in 51ms (Views: 45.1ms | ActiveRecord: 1.5ms)


Started GET "/" for 127.0.0.1 at 2019-01-25 15:54:02 +0530
Processing by Rails::WelcomeController#index as HTML
  Rendering /home/conf/.rvm/gems/ruby-2.5.0/gems/railties-5.2.2/lib/rails/templates/rails/welcome/index.html.erb
  Rendered /home/conf/.rvm/gems/ruby-2.5.0/gems/railties-5.2.2/lib/rails/templates/rails/welcome/index.html.erb (2.8ms)
Completed 200 OK in 6ms (Views: 4.2ms | ActiveRecord: 0.0ms)


Started GET "/" for 127.0.0.1 at 2019-01-25 15:54:16 +0530
Processing by Rails::WelcomeController#index as HTML
  Rendering /home/conf/.rvm/gems/ruby-2.5.0/gems/railties-5.2.2/lib/rails/templates/rails/welcome/index.html.erb
  Rendered /home/conf/.rvm/gems/ruby-2.5.0/gems/railties-5.2.2/lib/rails/templates/rails/welcome/index.html.erb (3.5ms)
Completed 200 OK in 7ms (Views: 5.1ms | ActiveRecord: 0.0ms)


  [1m[35m (0.1ms)[0m  [1m[36mbegin transaction[0m
  [1m[35m (0.1ms)[0m  [1m[31mrollback transaction[0m
  [1m[35m (0.1ms)[0m  [1m[36mbegin transaction[0m
  [1m[35m (0.1ms)[0m  [1m[36mcommit transaction[0m
  [1m[35m (0.2ms)[0m  [1m[34mSELECT "schema_migrations"."version" FROM "schema_migrations" ORDER BY "schema_migrations"."version" ASC[0m
  ↳ /home/conf/.rvm/gems/ruby-2.5.0/bin/rake:23
Migrating to CreateOrders (20190128094640)
  [1m[35m (0.1ms)[0m  [1m[36mbegin transaction[0m
  ↳ /home/conf/.rvm/gems/ruby-2.5.0/bin/rake:23
  [1m[35m (0.1ms)[0m  [1m[34mSELECT sqlite_version(*)[0m
  ↳ db/migrate/20190128094640_create_orders.rb:3
  [1m[35m (0.9ms)[0m  [1m[35mCREATE TABLE "orders" ("id" integer PRIMARY KEY AUTOINCREMENT NOT NULL, "cust_name" varchar, "created_at" datetime NOT NULL, "updated_at" datetime NOT NULL)[0m
  ↳ db/migrate/20190128094640_create_orders.rb:3
  [1m[36mActiveRecord::SchemaMigration Create (0.2ms)[0m  [1m[32mINSERT INTO "schema_migrations" ("version") VALUES (?)[0m  [["version", "20190128094640"]]
  ↳ /home/conf/.rvm/gems/ruby-2.5.0/bin/rake:23
  [1m[35m (11.1ms)[0m  [1m[36mcommit transaction[0m
  ↳ /home/conf/.rvm/gems/ruby-2.5.0/bin/rake:23
Migrating to CreateOrderItems (20190128094752)
  [1m[35m (0.1ms)[0m  [1m[36mbegin transaction[0m
  ↳ /home/conf/.rvm/gems/ruby-2.5.0/bin/rake:23
  [1m[35m (0.4ms)[0m  [1m[35mCREATE TABLE "order_items" ("id" integer PRIMARY KEY AUTOINCREMENT NOT NULL, "item_name" varchar, "price" varchar, "quantity" varchar, "order_id" integer, "created_at" datetime NOT NULL, "updated_at" datetime NOT NULL, CONSTRAINT "fk_rails_e3cb28f071"
FOREIGN KEY ("order_id")
  REFERENCES "orders" ("id")
)[0m
  ↳ db/migrate/20190128094752_create_order_items.rb:3
  [1m[35m (0.1ms)[0m  [1m[35mCREATE  INDEX "index_order_items_on_order_id" ON "order_items" ("order_id")[0m
  ↳ db/migrate/20190128094752_create_order_items.rb:3
  [1m[36mActiveRecord::SchemaMigration Create (0.2ms)[0m  [1m[32mINSERT INTO "schema_migrations" ("version") VALUES (?)[0m  [["version", "20190128094752"]]
  ↳ /home/conf/.rvm/gems/ruby-2.5.0/bin/rake:23
  [1m[35m (11.4ms)[0m  [1m[36mcommit transaction[0m
  ↳ /home/conf/.rvm/gems/ruby-2.5.0/bin/rake:23
  [1m[36mActiveRecord::InternalMetadata Load (0.3ms)[0m  [1m[34mSELECT  "ar_internal_metadata".* FROM "ar_internal_metadata" WHERE "ar_internal_metadata"."key" = ? LIMIT ?[0m  [["key", "environment"], ["LIMIT", 1]]
  ↳ /home/conf/.rvm/gems/ruby-2.5.0/bin/rake:23
  [1m[35m (0.1ms)[0m  [1m[36mbegin transaction[0m
  ↳ /home/conf/.rvm/gems/ruby-2.5.0/bin/rake:23
  [1m[35m (0.1ms)[0m  [1m[36mcommit transaction[0m
  ↳ /home/conf/.rvm/gems/ruby-2.5.0/bin/rake:23
  [1m[35m (0.2ms)[0m  [1m[34mSELECT "schema_migrations"."version" FROM "schema_migrations" ORDER BY "schema_migrations"."version" ASC[0m
  ↳ /home/conf/.rvm/gems/ruby-2.5.0/bin/rake:23
  [1m[35m (0.1ms)[0m  [1m[36mbegin transaction[0m
  [1m[36mOrder Create (0.6ms)[0m  [1m[32mINSERT INTO "orders" ("cust_name", "created_at", "updated_at") VALUES (?, ?, ?)[0m  [["cust_name", "Manoj"], ["created_at", "2019-01-28 09:48:24.097137"], ["updated_at", "2019-01-28 09:48:24.097137"]]
  [1m[35m (9.1ms)[0m  [1m[36mcommit transaction[0m
  [1m[36mOrder Load (0.4ms)[0m  [1m[34mSELECT  "orders".* FROM "orders" ORDER BY "orders"."id" DESC LIMIT ?[0m  [["LIMIT", 1]]
  [1m[35m (0.1ms)[0m  [1m[36mbegin transaction[0m
  [1m[36mOrder Load (0.3ms)[0m  [1m[34mSELECT  "orders".* FROM "orders" WHERE "orders"."id" = ? LIMIT ?[0m  [["id", 1], ["LIMIT", 1]]
  [1m[36mOrderItem Create (0.4ms)[0m  [1m[32mINSERT INTO "order_items" ("item_name", "price", "quantity", "order_id", "created_at", "updated_at") VALUES (?, ?, ?, ?, ?, ?)[0m  [["item_name", "pavbhaji"], ["price", "10"], ["quantity", "4"], ["order_id", 1], ["created_at", "2019-01-28 09:51:27.597029"], ["updated_at", "2019-01-28 09:51:27.597029"]]
  [1m[35m (9.7ms)[0m  [1m[36mcommit transaction[0m
  [1m[36mOrder Load (0.3ms)[0m  [1m[34mSELECT  "orders".* FROM "orders" ORDER BY "orders"."id" DESC LIMIT ?[0m  [["LIMIT", 1]]
  [1m[36mOrderItem Load (0.3ms)[0m  [1m[34mSELECT  "order_items".* FROM "order_items" WHERE "order_items"."order_id" = ? LIMIT ?[0m  [["order_id", 1], ["LIMIT", 11]]
  [1m[35m (0.1ms)[0m  [1m[36mbegin transaction[0m
  [1m[36mOrder Update (1.1ms)[0m  [1m[33mUPDATE "orders" SET "updated_at" = ? WHERE "orders"."id" = ?[0m  [["updated_at", "2019-01-28 09:52:35.896206"], ["id", 1]]
  [1m[35m (9.9ms)[0m  [1m[36mcommit transaction[0m
  [1m[36mOrder Load (0.3ms)[0m  [1m[34mSELECT  "orders".* FROM "orders" WHERE "orders"."id" = ? LIMIT ?[0m  [["id", 1], ["LIMIT", 1]]
  [1m[36mOrder Load (0.2ms)[0m  [1m[34mSELECT  "orders".* FROM "orders" ORDER BY "orders"."id" DESC LIMIT ?[0m  [["LIMIT", 1]]
  [1m[36mOrderItem Load (0.2ms)[0m  [1m[34mSELECT  "order_items".* FROM "order_items" WHERE "order_items"."order_id" = ? LIMIT ?[0m  [["order_id", 1], ["LIMIT", 11]]
  [1m[36mOrderItem Load (0.2ms)[0m  [1m[34mSELECT  "order_items".* FROM "order_items" WHERE "order_items"."order_id" = ? LIMIT ?[0m  [["order_id", 1], ["LIMIT", 11]]
  [1m[36mOrderItem Load (0.4ms)[0m  [1m[34mSELECT  "order_items".* FROM "order_items" ORDER BY "order_items"."id" DESC LIMIT ?[0m  [["LIMIT", 1]]
  [1m[36mOrder Load (0.2ms)[0m  [1m[34mSELECT  "orders".* FROM "orders" WHERE "orders"."id" = ? LIMIT ?[0m  [["id", 1], ["LIMIT", 1]]
  [1m[36mOrderItem Load (0.4ms)[0m  [1m[34mSELECT "order_items".* FROM "order_items" WHERE "order_items"."order_id" = ?[0m  [["order_id", 1]]
  [1m[36mOrder Load (0.2ms)[0m  [1m[34mSELECT  "orders".* FROM "orders" WHERE "orders"."id" = ? LIMIT ?[0m  [["id", 1], ["LIMIT", 1]]
  [1m[35m (0.2ms)[0m  [1m[34mSELECT "schema_migrations"."version" FROM "schema_migrations" ORDER BY "schema_migrations"."version" ASC[0m
  ↳ /home/conf/.rvm/gems/ruby-2.5.0/bin/rake:23
Migrating to CreateItems (20190128100102)
  [1m[35m (0.1ms)[0m  [1m[36mbegin transaction[0m
  ↳ /home/conf/.rvm/gems/ruby-2.5.0/bin/rake:23
  [1m[35m (0.1ms)[0m  [1m[34mSELECT sqlite_version(*)[0m
  ↳ db/migrate/20190128100102_create_items.rb:3
  [1m[35m (0.4ms)[0m  [1m[35mCREATE TABLE "items" ("id" integer PRIMARY KEY AUTOINCREMENT NOT NULL, "name" varchar, "price" varchar, "created_at" datetime NOT NULL, "updated_at" datetime NOT NULL)[0m
  ↳ db/migrate/20190128100102_create_items.rb:3
  [1m[36mActiveRecord::SchemaMigration Create (0.2ms)[0m  [1m[32mINSERT INTO "schema_migrations" ("version") VALUES (?)[0m  [["version", "20190128100102"]]
  ↳ /home/conf/.rvm/gems/ruby-2.5.0/bin/rake:23
  [1m[35m (16.4ms)[0m  [1m[36mcommit transaction[0m
  ↳ /home/conf/.rvm/gems/ruby-2.5.0/bin/rake:23
  [1m[36mActiveRecord::InternalMetadata Load (0.2ms)[0m  [1m[34mSELECT  "ar_internal_metadata".* FROM "ar_internal_metadata" WHERE "ar_internal_metadata"."key" = ? LIMIT ?[0m  [["key", "environment"], ["LIMIT", 1]]
  ↳ /home/conf/.rvm/gems/ruby-2.5.0/bin/rake:23
  [1m[35m (0.1ms)[0m  [1m[36mbegin transaction[0m
  ↳ /home/conf/.rvm/gems/ruby-2.5.0/bin/rake:23
  [1m[35m (0.1ms)[0m  [1m[36mcommit transaction[0m
  ↳ /home/conf/.rvm/gems/ruby-2.5.0/bin/rake:23
  [1m[35m (0.2ms)[0m  [1m[34mSELECT "schema_migrations"."version" FROM "schema_migrations" ORDER BY "schema_migrations"."version" ASC[0m
  ↳ /home/conf/.rvm/gems/ruby-2.5.0/bin/rake:23
  [1m[35m (0.2ms)[0m  [1m[34mSELECT "schema_migrations"."version" FROM "schema_migrations" ORDER BY "schema_migrations"."version" ASC[0m
  ↳ /home/conf/.rvm/gems/ruby-2.5.0/bin/rake:23
Migrating to CreateMenus (20190128100129)
  [1m[35m (0.1ms)[0m  [1m[36mbegin transaction[0m
  ↳ /home/conf/.rvm/gems/ruby-2.5.0/bin/rake:23
  [1m[35m (0.1ms)[0m  [1m[34mSELECT sqlite_version(*)[0m
  ↳ db/migrate/20190128100129_create_menus.rb:3
  [1m[35m (0.9ms)[0m  [1m[35mCREATE TABLE "menus" ("id" integer PRIMARY KEY AUTOINCREMENT NOT NULL, "name" varchar, "price" varchar, "created_at" datetime NOT NULL, "updated_at" datetime NOT NULL)[0m
  ↳ db/migrate/20190128100129_create_menus.rb:3
  [1m[36mActiveRecord::SchemaMigration Create (0.3ms)[0m  [1m[32mINSERT INTO "schema_migrations" ("version") VALUES (?)[0m  [["version", "20190128100129"]]
  ↳ /home/conf/.rvm/gems/ruby-2.5.0/bin/rake:23
  [1m[35m (8.9ms)[0m  [1m[36mcommit transaction[0m
  ↳ /home/conf/.rvm/gems/ruby-2.5.0/bin/rake:23
  [1m[36mActiveRecord::InternalMetadata Load (0.3ms)[0m  [1m[34mSELECT  "ar_internal_metadata".* FROM "ar_internal_metadata" WHERE "ar_internal_metadata"."key" = ? LIMIT ?[0m  [["key", "environment"], ["LIMIT", 1]]
  ↳ /home/conf/.rvm/gems/ruby-2.5.0/bin/rake:23
  [1m[35m (0.1ms)[0m  [1m[36mbegin transaction[0m
  ↳ /home/conf/.rvm/gems/ruby-2.5.0/bin/rake:23
  [1m[35m (0.1ms)[0m  [1m[36mcommit transaction[0m
  ↳ /home/conf/.rvm/gems/ruby-2.5.0/bin/rake:23
  [1m[35m (0.3ms)[0m  [1m[34mSELECT "schema_migrations"."version" FROM "schema_migrations" ORDER BY "schema_migrations"."version" ASC[0m
  ↳ /home/conf/.rvm/gems/ruby-2.5.0/bin/rake:23
  [1m[35m (0.1ms)[0m  [1m[36mbegin transaction[0m
  [1m[36mMenu Create (2.5ms)[0m  [1m[32mINSERT INTO "menus" ("name", "price", "created_at", "updated_at") VALUES (?, ?, ?, ?)[0m  [["name", "pavbhaji"], ["price", "50"], ["created_at", "2019-01-28 10:02:16.617013"], ["updated_at", "2019-01-28 10:02:16.617013"]]
  [1m[35m (12.0ms)[0m  [1m[36mcommit transaction[0m
  [1m[35m (0.1ms)[0m  [1m[36mbegin transaction[0m
  [1m[36mMenu Create (1.2ms)[0m  [1m[32mINSERT INTO "menus" ("name", "price", "created_at", "updated_at") VALUES (?, ?, ?, ?)[0m  [["name", "pizza"], ["price", "55"], ["created_at", "2019-01-28 10:02:25.136794"], ["updated_at", "2019-01-28 10:02:25.136794"]]
  [1m[35m (9.1ms)[0m  [1m[36mcommit transaction[0m
  [1m[36mMenu Load (0.3ms)[0m  [1m[34mSELECT  "menus".* FROM "menus" LIMIT ?[0m  [["LIMIT", 11]]
  [1m[36mOrderItem Load (0.3ms)[0m  [1m[34mSELECT  "order_items".* FROM "order_items" ORDER BY "order_items"."id" DESC LIMIT ?[0m  [["LIMIT", 1]]
  [1m[35m (0.2ms)[0m  [1m[34mSELECT "schema_migrations"."version" FROM "schema_migrations" ORDER BY "schema_migrations"."version" ASC[0m
  ↳ /home/conf/.rvm/gems/ruby-2.5.0/bin/rake:23
Migrating to AddMenuIdToOrderItems (20190128100441)
  [1m[35m (0.1ms)[0m  [1m[36mbegin transaction[0m
  ↳ /home/conf/.rvm/gems/ruby-2.5.0/bin/rake:23
  [1m[35m (0.5ms)[0m  [1m[35mALTER TABLE "order_items" ADD "menu_id" integer[0m
  ↳ db/migrate/20190128100441_add_menu_id_to_order_items.rb:3
  [1m[35m (0.1ms)[0m  [1m[34mSELECT sqlite_version(*)[0m
  ↳ db/migrate/20190128100441_add_menu_id_to_order_items.rb:3
  [1m[35m (0.2ms)[0m  [1m[35mCREATE  INDEX "index_order_items_on_menu_id" ON "order_items" ("menu_id")[0m
  ↳ db/migrate/20190128100441_add_menu_id_to_order_items.rb:3
  [1m[36mActiveRecord::SchemaMigration Create (0.2ms)[0m  [1m[32mINSERT INTO "schema_migrations" ("version") VALUES (?)[0m  [["version", "20190128100441"]]
  ↳ /home/conf/.rvm/gems/ruby-2.5.0/bin/rake:23
  [1m[35m (9.2ms)[0m  [1m[36mcommit transaction[0m
  ↳ /home/conf/.rvm/gems/ruby-2.5.0/bin/rake:23
  [1m[36mActiveRecord::InternalMetadata Load (0.2ms)[0m  [1m[34mSELECT  "ar_internal_metadata".* FROM "ar_internal_metadata" WHERE "ar_internal_metadata"."key" = ? LIMIT ?[0m  [["key", "environment"], ["LIMIT", 1]]
  ↳ /home/conf/.rvm/gems/ruby-2.5.0/bin/rake:23
  [1m[35m (0.1ms)[0m  [1m[36mbegin transaction[0m
  ↳ /home/conf/.rvm/gems/ruby-2.5.0/bin/rake:23
  [1m[35m (0.1ms)[0m  [1m[36mcommit transaction[0m
  ↳ /home/conf/.rvm/gems/ruby-2.5.0/bin/rake:23
  [1m[35m (0.2ms)[0m  [1m[34mSELECT "schema_migrations"."version" FROM "schema_migrations" ORDER BY "schema_migrations"."version" ASC[0m
  ↳ /home/conf/.rvm/gems/ruby-2.5.0/bin/rake:23
  [1m[36mOrderItem Load (0.5ms)[0m  [1m[34mSELECT  "order_items".* FROM "order_items" ORDER BY "order_items"."id" DESC LIMIT ?[0m  [["LIMIT", 1]]
  [1m[35m (0.2ms)[0m  [1m[34mSELECT "schema_migrations"."version" FROM "schema_migrations" ORDER BY "schema_migrations"."version" ASC[0m
  ↳ /home/conf/.rvm/gems/ruby-2.5.0/bin/rake:23
Migrating to CreateServents (20190128101105)
  [1m[35m (0.1ms)[0m  [1m[36mbegin transaction[0m
  ↳ /home/conf/.rvm/gems/ruby-2.5.0/bin/rake:23
  [1m[35m (0.1ms)[0m  [1m[34mSELECT sqlite_version(*)[0m
  ↳ db/migrate/20190128101105_create_servents.rb:3
  [1m[35m (0.4ms)[0m  [1m[35mCREATE TABLE "servents" ("id" integer PRIMARY KEY AUTOINCREMENT NOT NULL, "name" varchar, "created_at" datetime NOT NULL, "updated_at" datetime NOT NULL)[0m
  ↳ db/migrate/20190128101105_create_servents.rb:3
  [1m[36mActiveRecord::SchemaMigration Create (0.2ms)[0m  [1m[32mINSERT INTO "schema_migrations" ("version") VALUES (?)[0m  [["version", "20190128101105"]]
  ↳ /home/conf/.rvm/gems/ruby-2.5.0/bin/rake:23
  [1m[35m (10.6ms)[0m  [1m[36mcommit transaction[0m
  ↳ /home/conf/.rvm/gems/ruby-2.5.0/bin/rake:23
  [1m[36mActiveRecord::InternalMetadata Load (0.2ms)[0m  [1m[34mSELECT  "ar_internal_metadata".* FROM "ar_internal_metadata" WHERE "ar_internal_metadata"."key" = ? LIMIT ?[0m  [["key", "environment"], ["LIMIT", 1]]
  ↳ /home/conf/.rvm/gems/ruby-2.5.0/bin/rake:23
  [1m[35m (0.1ms)[0m  [1m[36mbegin transaction[0m
  ↳ /home/conf/.rvm/gems/ruby-2.5.0/bin/rake:23
  [1m[35m (0.1ms)[0m  [1m[36mcommit transaction[0m
  ↳ /home/conf/.rvm/gems/ruby-2.5.0/bin/rake:23
  [1m[35m (0.1ms)[0m  [1m[34mSELECT "schema_migrations"."version" FROM "schema_migrations" ORDER BY "schema_migrations"."version" ASC[0m
  ↳ /home/conf/.rvm/gems/ruby-2.5.0/bin/rake:23
  [1m[35m (0.2ms)[0m  [1m[34mSELECT "schema_migrations"."version" FROM "schema_migrations" ORDER BY "schema_migrations"."version" ASC[0m
  ↳ /home/conf/.rvm/gems/ruby-2.5.0/bin/rake:23
Migrating to AddMenuIdToServents (20190128101336)
  [1m[35m (0.1ms)[0m  [1m[36mbegin transaction[0m
  ↳ /home/conf/.rvm/gems/ruby-2.5.0/bin/rake:23
  [1m[35m (0.5ms)[0m  [1m[35mALTER TABLE "servents" ADD "menu_id" integer[0m
  ↳ db/migrate/20190128101336_add_menu_id_to_servents.rb:3
  [1m[35m (0.1ms)[0m  [1m[34mSELECT sqlite_version(*)[0m
  ↳ db/migrate/20190128101336_add_menu_id_to_servents.rb:3
  [1m[35m (0.1ms)[0m  [1m[35mCREATE  INDEX "index_servents_on_menu_id" ON "servents" ("menu_id")[0m
  ↳ db/migrate/20190128101336_add_menu_id_to_servents.rb:3
  [1m[36mActiveRecord::SchemaMigration Create (0.3ms)[0m  [1m[32mINSERT INTO "schema_migrations" ("version") VALUES (?)[0m  [["version", "20190128101336"]]
  ↳ /home/conf/.rvm/gems/ruby-2.5.0/bin/rake:23
  [1m[35m (9.4ms)[0m  [1m[36mcommit transaction[0m
  ↳ /home/conf/.rvm/gems/ruby-2.5.0/bin/rake:23
  [1m[36mActiveRecord::InternalMetadata Load (0.3ms)[0m  [1m[34mSELECT  "ar_internal_metadata".* FROM "ar_internal_metadata" WHERE "ar_internal_metadata"."key" = ? LIMIT ?[0m  [["key", "environment"], ["LIMIT", 1]]
  ↳ /home/conf/.rvm/gems/ruby-2.5.0/bin/rake:23
  [1m[35m (0.1ms)[0m  [1m[36mbegin transaction[0m
  ↳ /home/conf/.rvm/gems/ruby-2.5.0/bin/rake:23
  [1m[35m (0.1ms)[0m  [1m[36mcommit transaction[0m
  ↳ /home/conf/.rvm/gems/ruby-2.5.0/bin/rake:23
  [1m[35m (0.1ms)[0m  [1m[34mSELECT "schema_migrations"."version" FROM "schema_migrations" ORDER BY "schema_migrations"."version" ASC[0m
  ↳ /home/conf/.rvm/gems/ruby-2.5.0/bin/rake:23
  [1m[35m (0.1ms)[0m  [1m[36mbegin transaction[0m
  [1m[36mMenu Create (1.1ms)[0m  [1m[32mINSERT INTO "menus" ("name", "price", "created_at", "updated_at") VALUES (?, ?, ?, ?)[0m  [["name", "Gujarati thali"], ["price", "110"], ["created_at", "2019-01-28 10:18:42.280989"], ["updated_at", "2019-01-28 10:18:42.280989"]]
  [1m[35m (9.8ms)[0m  [1m[36mcommit transaction[0m
  [1m[35m (0.1ms)[0m  [1m[36mbegin transaction[0m
  [1m[36mServent Create (1.2ms)[0m  [1m[32mINSERT INTO "servents" ("name", "created_at", "updated_at") VALUES (?, ?, ?)[0m  [["name", "ravi"], ["created_at", "2019-01-28 10:18:58.144802"], ["updated_at", "2019-01-28 10:18:58.144802"]]
  [1m[35m (6.7ms)[0m  [1m[36mcommit transaction[0m
  [1m[36mMenu Load (0.3ms)[0m  [1m[34mSELECT  "menus".* FROM "menus" ORDER BY "menus"."id" DESC LIMIT ?[0m  [["LIMIT", 1]]
  [1m[36mMenu Load (0.2ms)[0m  [1m[34mSELECT  "menus".* FROM "menus" ORDER BY "menus"."id" DESC LIMIT ?[0m  [["LIMIT", 1]]
  [1m[36mServent Load (0.3ms)[0m  [1m[34mSELECT  "servents".* FROM "servents" ORDER BY "servents"."id" DESC LIMIT ?[0m  [["LIMIT", 1]]
  [1m[35m (0.1ms)[0m  [1m[36mbegin transaction[0m
  [1m[36mServent Update (0.5ms)[0m  [1m[33mUPDATE "servents" SET "updated_at" = ?, "menu_id" = ? WHERE "servents"."id" = ?[0m  [["updated_at", "2019-01-28 10:21:36.520458"], ["menu_id", 3], ["id", 1]]
  [1m[35m (11.7ms)[0m  [1m[36mcommit transaction[0m
  [1m[36mServent Load (0.2ms)[0m  [1m[34mSELECT  "servents".* FROM "servents" ORDER BY "servents"."id" DESC LIMIT ?[0m  [["LIMIT", 1]]
  [1m[36mMenu Load (0.2ms)[0m  [1m[34mSELECT  "menus".* FROM "menus" ORDER BY "menus"."id" DESC LIMIT ?[0m  [["LIMIT", 1]]
  [1m[36mServent Load (0.3ms)[0m  [1m[34mSELECT  "servents".* FROM "servents" ORDER BY "servents"."id" DESC LIMIT ?[0m  [["LIMIT", 1]]
  [1m[36mMenu Load (0.3ms)[0m  [1m[34mSELECT  "menus".* FROM "menus" WHERE "menus"."id" = ? LIMIT ?[0m  [["id", 3], ["LIMIT", 1]]
  [1m[36mServent Load (0.2ms)[0m  [1m[34mSELECT  "servents".* FROM "servents" ORDER BY "servents"."id" DESC LIMIT ?[0m  [["LIMIT", 1]]
  [1m[36mMenu Load (0.2ms)[0m  [1m[34mSELECT  "menus".* FROM "menus" WHERE "menus"."id" = ? LIMIT ?[0m  [["id", 3], ["LIMIT", 1]]
  [1m[36mServent Load (0.2ms)[0m  [1m[34mSELECT  "servents".* FROM "servents" ORDER BY "servents"."id" DESC LIMIT ?[0m  [["LIMIT", 1]]
  [1m[36mMenu Load (0.4ms)[0m  [1m[34mSELECT  "menus".* FROM "menus" ORDER BY "menus"."id" DESC LIMIT ?[0m  [["LIMIT", 1]]
  [1m[36mMenu Load (0.2ms)[0m  [1m[34mSELECT  "menus".* FROM "menus" WHERE "menus"."id" = ? LIMIT ?[0m  [["id", 3], ["LIMIT", 1]]
  [1m[36mServent Load (0.4ms)[0m  [1m[34mSELECT  "servents".* FROM "servents" WHERE "servents"."menu_id" = ? LIMIT ?[0m  [["menu_id", 3], ["LIMIT", 1]]
  [1m[36mOrder Load (0.3ms)[0m  [1m[34mSELECT  "orders".* FROM "orders" ORDER BY "orders"."id" DESC LIMIT ?[0m  [["LIMIT", 1]]
  [1m[36mOrderItem Load (0.3ms)[0m  [1m[34mSELECT  "order_items".* FROM "order_items" WHERE "order_items"."order_id" = ? LIMIT ?[0m  [["order_id", 1], ["LIMIT", 11]]
  [1m[36mServent Load (0.2ms)[0m  [1m[34mSELECT  "servents".* FROM "servents" ORDER BY "servents"."id" DESC LIMIT ?[0m  [["LIMIT", 1]]
  [1m[36mMenu Load (0.2ms)[0m  [1m[34mSELECT  "menus".* FROM "menus" WHERE "menus"."id" = ? LIMIT ?[0m  [["id", 3], ["LIMIT", 1]]
  [1m[36mOrder Load (0.2ms)[0m  [1m[34mSELECT  "orders".* FROM "orders" ORDER BY "orders"."id" DESC LIMIT ?[0m  [["LIMIT", 1]]
  [1m[36mOrder Load (0.9ms)[0m  [1m[34mSELECT  date(created_at) as ordered_date, sum(price) as total_price FROM "orders" GROUP BY date(created_at) LIMIT ?[0m  [["LIMIT", 11]]
  [1m[36mOrder Load (0.4ms)[0m  [1m[34mSELECT  date(created_at) as ordered_date FROM "orders" GROUP BY date(created_at) LIMIT ?[0m  [["LIMIT", 11]]
  [1m[36mOrder Load (0.4ms)[0m  [1m[34mSELECT  date(created_at) as ordered_date FROM "orders" GROUP BY date(created_at) ORDER BY "orders"."id" ASC LIMIT ?[0m  [["LIMIT", 1]]
  [1m[36mOrder Load (0.4ms)[0m  [1m[34mSELECT  date(created_at) as ordered_date FROM "orders" GROUP BY date(created_at) ORDER BY "orders"."id" ASC LIMIT ?[0m  [["LIMIT", 1]]
  [1m[36mOrder Load (1.4ms)[0m  [1m[34mSELECT  "orders".* FROM "orders" LIMIT ?[0m  [["LIMIT", 11]]
  [1m[36mOrder Exists (0.3ms)[0m  [1m[34mSELECT  1 AS one FROM "orders" LIMIT ?[0m  [["LIMIT", 1]]
  [1m[36mOrder Destroy (1.4ms)[0m  [1m[31mDELETE FROM "orders"[0m
  [1m[35m (0.3ms)[0m  [1m[34mSELECT COUNT(*) FROM "orders"[0m
  [1m[35m (0.1ms)[0m  [1m[36mbegin transaction[0m
  [1m[36mOrder Create (0.5ms)[0m  [1m[32mINSERT INTO "orders" ("created_at", "updated_at") VALUES (?, ?)[0m  [["created_at", "2019-02-07 09:37:41.563728"], ["updated_at", "2019-02-07 09:37:41.563728"]]
  [1m[35m (8.2ms)[0m  [1m[36mcommit transaction[0m
  [1m[35m (0.3ms)[0m  [1m[34mSELECT COUNT(*) FROM "orders"[0m
  [1m[35m (0.2ms)[0m  [1m[34mSELECT COUNT(*) FROM "orders"[0m
  [1m[36mOrder Load (0.3ms)[0m  [1m[34mSELECT "orders".* FROM "orders"[0m
  [1m[35m (0.1ms)[0m  [1m[36mbegin transaction[0m
  [1m[36mOrder Destroy (1.3ms)[0m  [1m[31mDELETE FROM "orders" WHERE "orders"."id" = ?[0m  [["id", 1]]
  [1m[35m (0.2ms)[0m  [1m[31mrollback transaction[0m
  [1m[36mOrder Load (0.3ms)[0m  [1m[34mSELECT  "orders".* FROM "orders" ORDER BY "orders"."id" ASC LIMIT ?[0m  [["LIMIT", 1]]
  [1m[36mOrder Load (0.7ms)[0m  [1m[34mSELECT "orders".* FROM "orders"[0m
  [1m[35m (0.1ms)[0m  [1m[36mbegin transaction[0m
  [1m[36mOrderItem Load (0.3ms)[0m  [1m[34mSELECT "order_items".* FROM "order_items" WHERE "order_items"."order_id" = ?[0m  [["order_id", 1]]
  [1m[36mOrderItem Destroy (1.1ms)[0m  [1m[31mDELETE FROM "order_items" WHERE "order_items"."id" = ?[0m  [["id", 1]]
  [1m[36mOrder Destroy (0.3ms)[0m  [1m[31mDELETE FROM "orders" WHERE "orders"."id" = ?[0m  [["id", 1]]
  [1m[35m (12.7ms)[0m  [1m[36mcommit transaction[0m
  [1m[35m (0.1ms)[0m  [1m[36mbegin transaction[0m
  [1m[36mOrderItem Load (0.2ms)[0m  [1m[34mSELECT "order_items".* FROM "order_items" WHERE "order_items"."order_id" = ?[0m  [["order_id", 2]]
  [1m[36mOrder Destroy (0.3ms)[0m  [1m[31mDELETE FROM "orders" WHERE "orders"."id" = ?[0m  [["id", 2]]
  [1m[35m (7.2ms)[0m  [1m[36mcommit transaction[0m
  [1m[36mOrder Exists (0.3ms)[0m  [1m[34mSELECT  1 AS one FROM "orders" LIMIT ?[0m  [["LIMIT", 1]]
  [1m[36mOrder Exists (0.2ms)[0m  [1m[34mSELECT  1 AS one FROM "orders" LIMIT ?[0m  [["LIMIT", 1]]
  [1m[35m (0.2ms)[0m  [1m[34mSELECT COUNT(*) FROM "orders"[0m
  [1m[36mUser Load (0.4ms)[0m  [1m[34mSELECT  "users".* FROM "users" LIMIT ?[0m  [["LIMIT", 11]]
  [1m[35m (0.2ms)[0m  [1m[34mSELECT "schema_migrations"."version" FROM "schema_migrations" ORDER BY "schema_migrations"."version" ASC[0m
  ↳ bin/rails:9
Migrating to AddStatusToUser (20190207094640)
  [1m[35m (0.1ms)[0m  [1m[36mbegin transaction[0m
  ↳ bin/rails:9
  [1m[35m (0.9ms)[0m  [1m[35mALTER TABLE "users" ADD "status" integer[0m
  ↳ db/migrate/20190207094640_add_status_to_user.rb:3
  [1m[36mActiveRecord::SchemaMigration Create (0.2ms)[0m  [1m[32mINSERT INTO "schema_migrations" ("version") VALUES (?)[0m  [["version", "20190207094640"]]
  ↳ bin/rails:9
  [1m[35m (14.3ms)[0m  [1m[36mcommit transaction[0m
  ↳ bin/rails:9
  [1m[36mActiveRecord::InternalMetadata Load (0.2ms)[0m  [1m[34mSELECT  "ar_internal_metadata".* FROM "ar_internal_metadata" WHERE "ar_internal_metadata"."key" = ? LIMIT ?[0m  [["key", "environment"], ["LIMIT", 1]]
  ↳ bin/rails:9
  [1m[35m (0.1ms)[0m  [1m[36mbegin transaction[0m
  ↳ bin/rails:9
  [1m[35m (0.1ms)[0m  [1m[36mcommit transaction[0m
  ↳ bin/rails:9
  [1m[35m (0.2ms)[0m  [1m[34mSELECT "schema_migrations"."version" FROM "schema_migrations" ORDER BY "schema_migrations"."version" ASC[0m
  ↳ bin/rails:9
  [1m[36mUser Update All (11.6ms)[0m  [1m[33mUPDATE "users" SET "status" = 1[0m
  [1m[36mUser Load (0.3ms)[0m  [1m[34mSELECT  "users".* FROM "users" ORDER BY "users"."id" ASC LIMIT ?[0m  [["LIMIT", 1]]
  [1m[35m (0.1ms)[0m  [1m[36mbegin transaction[0m
  [1m[36mUser Update (0.3ms)[0m  [1m[33mUPDATE "users" SET "status" = ?, "updated_at" = ? WHERE "users"."id" = ?[0m  [["status", 0], ["updated_at", "2019-02-07 09:47:43.906588"], ["id", 1]]
  [1m[35m (7.6ms)[0m  [1m[36mcommit transaction[0m
  [1m[36mUser Load (0.3ms)[0m  [1m[34mSELECT  "users".* FROM "users" ORDER BY "users"."id" DESC LIMIT ?[0m  [["LIMIT", 1]]
  [1m[35m (0.1ms)[0m  [1m[36mbegin transaction[0m
  [1m[36mUser Update (0.4ms)[0m  [1m[33mUPDATE "users" SET "status" = ?, "updated_at" = ? WHERE "users"."id" = ?[0m  [["status", 0], ["updated_at", "2019-02-07 09:47:49.525232"], ["id", 5]]
  [1m[35m (9.8ms)[0m  [1m[36mcommit transaction[0m
  [1m[36mUser Load (0.3ms)[0m  [1m[34mSELECT  "users".* FROM "users" WHERE "users"."status" = ? LIMIT ?[0m  [["status", 1], ["LIMIT", 11]]
  [1m[36mUser Load (0.2ms)[0m  [1m[34mSELECT  "users".* FROM "users" WHERE "users"."status" = ? LIMIT ?[0m  [["status", 0], ["LIMIT", 11]]
  [1m[36mUser Load (0.2ms)[0m  [1m[34mSELECT  "users".* FROM "users" WHERE "users"."status" = ? LIMIT ?[0m  [["status", 0], ["LIMIT", 11]]
  [1m[36mUser Load (0.2ms)[0m  [1m[34mSELECT  "users".* FROM "users" WHERE "users"."status" = ? LIMIT ?[0m  [["status", 1], ["LIMIT", 11]]
  [1m[36mUser Load (0.2ms)[0m  [1m[34mSELECT  "users".* FROM "users" WHERE "users"."status" = ? LIMIT ?[0m  [["status", 1], ["LIMIT", 11]]
  [1m[36mUser Load (0.2ms)[0m  [1m[34mSELECT  "users".* FROM "users" WHERE "users"."status" = ? LIMIT ?[0m  [["status", 0], ["LIMIT", 11]]
  [1m[36mUser Load (0.2ms)[0m  [1m[34mSELECT  "users".* FROM "users" WHERE "users"."status" = ? LIMIT ?[0m  [["status", 1], ["LIMIT", 11]]
Started GET "/rails/info" for 127.0.0.1 at 2019-02-21 14:52:59 +0530
  [1m[35m (0.2ms)[0m  [1m[34mSELECT "schema_migrations"."version" FROM "schema_migrations" ORDER BY "schema_migrations"."version" ASC[0m
  ↳ /home/conf/.rvm/gems/ruby-2.5.0/gems/activerecord-5.2.2/lib/active_record/log_subscriber.rb:98
Processing by Rails::InfoController#index as HTML
Redirected to http://localhost:3000/rails/info/routes
Completed 302 Found in 17ms (ActiveRecord: 0.0ms)


Started GET "/rails/info/routes" for 127.0.0.1 at 2019-02-21 14:52:59 +0530
Processing by Rails::InfoController#routes as HTML
  Rendering /home/conf/.rvm/gems/ruby-2.5.0/gems/railties-5.2.2/lib/rails/templates/rails/info/routes.html.erb within layouts/application
  Rendered collection of /home/conf/.rvm/gems/ruby-2.5.0/gems/actionpack-5.2.2/lib/action_dispatch/middleware/templates/routes/_route.html.erb [6 times] (6.2ms)
  Rendered /home/conf/.rvm/gems/ruby-2.5.0/gems/actionpack-5.2.2/lib/action_dispatch/middleware/templates/routes/_table.html.erb (23.8ms)
  Rendered /home/conf/.rvm/gems/ruby-2.5.0/gems/railties-5.2.2/lib/rails/templates/rails/info/routes.html.erb within layouts/application (37.1ms)
Completed 200 OK in 55ms (Views: 51.9ms | ActiveRecord: 0.0ms)


Started GET "/rails/info/routes" for 127.0.0.1 at 2019-02-21 14:53:24 +0530
Processing by Rails::InfoController#routes as HTML
  Rendering /home/conf/.rvm/gems/ruby-2.5.0/gems/railties-5.2.2/lib/rails/templates/rails/info/routes.html.erb within layouts/application
  Rendered collection of /home/conf/.rvm/gems/ruby-2.5.0/gems/actionpack-5.2.2/lib/action_dispatch/middleware/templates/routes/_route.html.erb [6 times] (7.7ms)
  Rendered /home/conf/.rvm/gems/ruby-2.5.0/gems/actionpack-5.2.2/lib/action_dispatch/middleware/templates/routes/_table.html.erb (2.5ms)
  Rendered /home/conf/.rvm/gems/ruby-2.5.0/gems/railties-5.2.2/lib/rails/templates/rails/info/routes.html.erb within layouts/application (15.6ms)
Completed 200 OK in 28ms (Views: 26.0ms | ActiveRecord: 0.0ms)


Started GET "/rails/info/routes" for 127.0.0.1 at 2019-02-21 14:53:39 +0530
Processing by Rails::InfoController#routes as HTML
  Rendering /home/conf/.rvm/gems/ruby-2.5.0/gems/railties-5.2.2/lib/rails/templates/rails/info/routes.html.erb within layouts/application
  Rendered collection of /home/conf/.rvm/gems/ruby-2.5.0/gems/actionpack-5.2.2/lib/action_dispatch/middleware/templates/routes/_route.html.erb [6 times] (3.2ms)
  Rendered /home/conf/.rvm/gems/ruby-2.5.0/gems/actionpack-5.2.2/lib/action_dispatch/middleware/templates/routes/_table.html.erb (1.8ms)
  Rendered /home/conf/.rvm/gems/ruby-2.5.0/gems/railties-5.2.2/lib/rails/templates/rails/info/routes.html.erb within layouts/application (8.4ms)
Completed 200 OK in 13ms (Views: 11.6ms | ActiveRecord: 0.0ms)


Started GET "/rails/info/routes" for 127.0.0.1 at 2019-02-21 14:53:53 +0530
Processing by Rails::InfoController#routes as HTML
  Rendering /home/conf/.rvm/gems/ruby-2.5.0/gems/railties-5.2.2/lib/rails/templates/rails/info/routes.html.erb within layouts/application
  Rendered collection of /home/conf/.rvm/gems/ruby-2.5.0/gems/actionpack-5.2.2/lib/action_dispatch/middleware/templates/routes/_route.html.erb [5 times] (2.0ms)
  Rendered /home/conf/.rvm/gems/ruby-2.5.0/gems/actionpack-5.2.2/lib/action_dispatch/middleware/templates/routes/_table.html.erb (1.4ms)
  Rendered /home/conf/.rvm/gems/ruby-2.5.0/gems/railties-5.2.2/lib/rails/templates/rails/info/routes.html.erb within layouts/application (7.9ms)
Completed 200 OK in 16ms (Views: 11.9ms | ActiveRecord: 0.0ms)


Started GET "/" for 127.0.0.1 at 2019-02-21 14:54:55 +0530
Processing by UsersController#index as HTML
  Rendering users/index.html.erb within layouts/application
  Rendered users/index.html.erb within layouts/application (7.7ms)
Completed 500 Internal Server Error in 13ms (ActiveRecord: 0.0ms)


  
ActionView::Template::Error (undefined method `each' for nil:NilClass):
    12:   </thead>
    13: 
    14:   <tbody>
    15:     <% @users.each do |user| %>
    16:       <tr>
    17:         <td><%= user.name %></td>
    18:         <td><%= user.email %></td>
  
app/views/users/index.html.erb:15:in `_app_views_users_index_html_erb__2369008816103400940_43335520'
Started GET "/" for 127.0.0.1 at 2019-02-21 14:55:16 +0530
Processing by UsersController#index as HTML
  Rendering users/index.html.erb within layouts/application
  Rendered users/index.html.erb within layouts/application (322.2ms)
Completed 500 Internal Server Error in 326ms (ActiveRecord: 0.0ms)


  
ActionView::Template::Error (undefined local variable or method `new_user_path' for #<#<Class:0x00000000052a7600>:0x0000000004098a40>):
    17: 
    18: <br>
    19: 
    20: <%= link_to 'New User', new_user_path %>
    21: 
    22: <%= link_to 'Home page', home_page_url %>
  
app/views/users/index.html.erb:20:in `_app_views_users_index_html_erb__2369008816103400940_33914940'
Started GET "/" for 127.0.0.1 at 2019-02-21 14:55:23 +0530
Processing by UsersController#index as HTML
  Rendering users/index.html.erb within layouts/application
  Rendered users/index.html.erb within layouts/application (383.4ms)
Completed 500 Internal Server Error in 390ms (ActiveRecord: 0.0ms)


  
ActionView::Template::Error (undefined local variable or method `home_page_url' for #<#<Class:0x00000000052a7600>:0x00007f745c966770>
Did you mean?  homepage_url):
    19: 
    20: <%#= link_to 'New User', new_user_path %>
    21: 
    22: <%= link_to 'Home page', home_page_url %>
  
app/views/users/index.html.erb:22:in `_app_views_users_index_html_erb__2369008816103400940_70068872806860'
Started GET "/" for 127.0.0.1 at 2019-02-21 14:55:33 +0530
Processing by UsersController#index as HTML
  Rendering users/index.html.erb within layouts/application
  Rendered users/index.html.erb within layouts/application (1.0ms)
Completed 200 OK in 377ms (Views: 376.0ms | ActiveRecord: 0.0ms)


Started GET "/" for 127.0.0.1 at 2019-02-21 14:56:33 +0530
Processing by UsersController#index as HTML
  Rendering users/index.html.erb within layouts/application
  Rendered users/index.html.erb within layouts/application (1.5ms)
Completed 200 OK in 45ms (Views: 43.6ms | ActiveRecord: 0.0ms)


Started GET "/" for 127.0.0.1 at 2019-02-21 14:56:35 +0530
Processing by UsersController#index as HTML
  Rendering users/index.html.erb within layouts/application
  Rendered users/index.html.erb within layouts/application (1.0ms)
Completed 200 OK in 35ms (Views: 33.7ms | ActiveRecord: 0.0ms)


Started GET "/" for 127.0.0.1 at 2019-02-21 14:56:37 +0530
Processing by UsersController#index as HTML
  Rendering users/index.html.erb within layouts/application
  Rendered users/index.html.erb within layouts/application (1.2ms)
Completed 200 OK in 38ms (Views: 36.2ms | ActiveRecord: 0.0ms)


Started GET "/" for 127.0.0.1 at 2019-02-21 14:56:40 +0530
Processing by UsersController#index as HTML
  Rendering users/index.html.erb within layouts/application
  Rendered users/index.html.erb within layouts/application (1.5ms)
Completed 200 OK in 35ms (Views: 33.1ms | ActiveRecord: 0.0ms)


Started GET "/" for 127.0.0.1 at 2019-02-21 14:56:41 +0530
Processing by UsersController#index as HTML
  Rendering users/index.html.erb within layouts/application
  Rendered users/index.html.erb within layouts/application (1.1ms)
Completed 200 OK in 33ms (Views: 31.8ms | ActiveRecord: 0.0ms)


Started GET "/" for 127.0.0.1 at 2019-02-21 14:56:42 +0530
Processing by UsersController#index as HTML
  Rendering users/index.html.erb within layouts/application
  Rendered users/index.html.erb within layouts/application (1.2ms)
Completed 200 OK in 37ms (Views: 35.1ms | ActiveRecord: 0.0ms)


Started GET "/" for 127.0.0.1 at 2019-02-21 14:56:42 +0530
Processing by UsersController#index as HTML
  Rendering users/index.html.erb within layouts/application
  Rendered users/index.html.erb within layouts/application (1.3ms)
Completed 200 OK in 45ms (Views: 43.8ms | ActiveRecord: 0.0ms)


Started GET "/" for 127.0.0.1 at 2019-02-21 14:56:42 +0530
Processing by UsersController#index as HTML
  Rendering users/index.html.erb within layouts/application
  Rendered users/index.html.erb within layouts/application (1.0ms)
Completed 200 OK in 32ms (Views: 30.9ms | ActiveRecord: 0.0ms)


Started GET "/" for 127.0.0.1 at 2019-02-21 14:56:51 +0530
Processing by UsersController#index as HTML
  Rendering users/index.html.erb within layouts/application
  Rendered users/index.html.erb within layouts/application (1.1ms)
Completed 200 OK in 44ms (Views: 43.0ms | ActiveRecord: 0.0ms)


Started GET "/rails/info" for 127.0.0.1 at 2019-02-21 14:58:42 +0530
Processing by Rails::InfoController#index as HTML
Redirected to http://localhost:3000/rails/info/routes
Completed 302 Found in 3ms (ActiveRecord: 0.0ms)


Started GET "/rails/info/routes" for 127.0.0.1 at 2019-02-21 14:58:42 +0530
Processing by Rails::InfoController#routes as HTML
  Rendering /home/conf/.rvm/gems/ruby-2.5.0/gems/railties-5.2.2/lib/rails/templates/rails/info/routes.html.erb within layouts/application
  Rendered collection of /home/conf/.rvm/gems/ruby-2.5.0/gems/actionpack-5.2.2/lib/action_dispatch/middleware/templates/routes/_route.html.erb [13 times] (6.7ms)
  Rendered /home/conf/.rvm/gems/ruby-2.5.0/gems/actionpack-5.2.2/lib/action_dispatch/middleware/templates/routes/_table.html.erb (1.3ms)
  Rendered /home/conf/.rvm/gems/ruby-2.5.0/gems/railties-5.2.2/lib/rails/templates/rails/info/routes.html.erb within layouts/application (13.2ms)
Completed 200 OK in 22ms (Views: 19.2ms | ActiveRecord: 0.0ms)


Started GET "/rails/info/routes" for 127.0.0.1 at 2019-02-21 15:08:03 +0530
Processing by Rails::InfoController#routes as HTML
  Rendering /home/conf/.rvm/gems/ruby-2.5.0/gems/railties-5.2.2/lib/rails/templates/rails/info/routes.html.erb within layouts/application
  Rendered collection of /home/conf/.rvm/gems/ruby-2.5.0/gems/actionpack-5.2.2/lib/action_dispatch/middleware/templates/routes/_route.html.erb [13 times] (5.3ms)
  Rendered /home/conf/.rvm/gems/ruby-2.5.0/gems/actionpack-5.2.2/lib/action_dispatch/middleware/templates/routes/_table.html.erb (1.2ms)
  Rendered /home/conf/.rvm/gems/ruby-2.5.0/gems/railties-5.2.2/lib/rails/templates/rails/info/routes.html.erb within layouts/application (12.9ms)
Completed 200 OK in 19ms (Views: 16.8ms | ActiveRecord: 0.0ms)


Started GET "/rails/info/routes" for 127.0.0.1 at 2019-02-21 15:08:10 +0530
Processing by Rails::InfoController#routes as HTML
  Rendering /home/conf/.rvm/gems/ruby-2.5.0/gems/railties-5.2.2/lib/rails/templates/rails/info/routes.html.erb within layouts/application
  Rendered collection of /home/conf/.rvm/gems/ruby-2.5.0/gems/actionpack-5.2.2/lib/action_dispatch/middleware/templates/routes/_route.html.erb [6 times] (3.6ms)
  Rendered /home/conf/.rvm/gems/ruby-2.5.0/gems/actionpack-5.2.2/lib/action_dispatch/middleware/templates/routes/_table.html.erb (2.3ms)
  Rendered /home/conf/.rvm/gems/ruby-2.5.0/gems/railties-5.2.2/lib/rails/templates/rails/info/routes.html.erb within layouts/application (9.8ms)
Completed 200 OK in 18ms (Views: 14.2ms | ActiveRecord: 0.0ms)


